[0805/022937.690:ERROR:process_info.cc(359)] UncheckedAllocate
[0805/023504.082:ERROR:process_info.cc(359)] UncheckedAllocate
[0805/023504.120:ERROR:registration_protocol_win.cc(84)] TransactNamedPipe: The pipe has been ended. (0x6D)
[0805/023504.286:ERROR:registration_protocol_win.cc(84)] TransactNamedPipe: The pipe has been ended. (0x6D)
[0805/023504.297:ERROR:crash_report_database_win.cc(469)] failed to stat report
[0805/023504.385:ERROR:crash_report_database_win.cc(469)] failed to stat report
[0805/023525.285:ERROR:process_info.cc(359)] UncheckedAllocate
[0805/023525.365:ERROR:process_info.cc(359)] UncheckedAllocate
[0805/023525.676:ERROR:process_info.cc(359)] UncheckedAllocate
[0805/023525.760:ERROR:process_info.cc(359)] UncheckedAllocate
[0805/023525.774:ERROR:process_info.cc(359)] UncheckedAllocate
[0805/023525.780:ERROR:process_info.cc(359)] UncheckedAllocate
[0805/113005.756:ERROR:process_reader_win.cc(123)] NtOpenThread: {Access Denied} A process has requested access to an object, but has not been granted those access rights. (0xc0000022)
[0805/113005.756:ERROR:exception_snapshot_win.cc(98)] thread ID 5868 not found in process
[0805/113629.157:ERROR:process_reader_win.cc(123)] NtOpenThread: {Access Denied} A process has requested access to an object, but has not been granted those access rights. (0xc0000022)
[0805/113629.157:ERROR:exception_snapshot_win.cc(98)] thread ID 12516 not found in process
[0805/114516.212:ERROR:process_reader_win.cc(123)] NtOpenThread: {Access Denied} A process has requested access to an object, but has not been granted those access rights. (0xc0000022)
[0805/114516.212:ERROR:exception_snapshot_win.cc(98)] thread ID 9708 not found in process
[0805/114723.755:ERROR:process_reader_win.cc(123)] NtOpenThread: {Access Denied} A process has requested access to an object, but has not been granted those access rights. (0xc0000022)
[0805/114723.755:ERROR:exception_snapshot_win.cc(98)] thread ID 8188 not found in process
